# JRE version: Java(TM) SE Runtime Environment (7.0_60-b19) (build 1.7.0_60-b19)
# Java VM: Java HotSpot(TM) Client VM (24.60-b09 mixed mode, sharing windows-x86 )
Heap
 def new generation   total 4928K, used 3784K [0x24600000, 0x24b50000, 0x29b50000)
  eden space 4416K,  80% used [0x24600000, 0x249747f8, 0x24a50000)
  from space 512K,  48% used [0x24ad0000, 0x24b0db90, 0x24b50000)
  to   space 512K,   0% used [0x24a50000, 0x24a50000, 0x24ad0000)
 tenured generation   total 10944K, used 2807K [0x29b50000, 0x2a600000, 0x34600000)
   the space 10944K,  25% used [0x29b50000, 0x29e0dee0, 0x29e0e000, 0x2a600000)
 compacting perm gen  total 12288K, used 2141K [0x34600000, 0x35200000, 0x38600000)
   the space 12288K,  17% used [0x34600000, 0x34817418, 0x34817600, 0x35200000)
    ro space 10240K,  44% used [0x38600000, 0x38a7a7a8, 0x38a7a800, 0x39000000)
    rw space 12288K,  52% used [0x39000000, 0x39651db0, 0x39651e00, 0x39c00000)
GC Heap History (10 events):
Event: 207.521 GC heap before
{Heap before GC invocations=4 (full 0):
 def new generation   total 4928K, used 4920K [0x24600000, 0x24b50000, 0x29b50000)
  eden space 4416K,  99% used [0x24600000, 0x24a4e1e8, 0x24a50000)
  from space 512K,  99% used [0x24a50000, 0x24acfff8, 0x24ad0000)
  to   space 512K,   0% used [0x24ad0000, 0x24ad0000, 0x24b50000)
 tenured generation   total 10944K, used 2172K [0x29b50000, 0x2a600000, 0x34600000)
   the space 10944K,  19% used [0x29b50000, 0x29d6f0a8, 0x29d6f200, 0x2a600000)
 compacting perm gen  total 12288K, used 1669K [0x34600000, 0x35200000, 0x38600000)
   the space 12288K,  13% used [0x34600000, 0x347a14f8, 0x347a1600, 0x35200000)
    ro space 10240K,  44% used [0x38600000, 0x38a7a7a8, 0x38a7a800, 0x39000000)
    rw space 12288K,  52% used [0x39000000, 0x39651db0, 0x39651e00, 0x39c00000)
Event: 207.523 GC heap after
Heap after GC invocations=5 (full 0):
 def new generation   total 4928K, used 152K [0x24600000, 0x24b50000, 0x29b50000)
  eden space 4416K,   0% used [0x24600000, 0x24600000, 0x24a50000)
  from space 512K,  29% used [0x24ad0000, 0x24af6330, 0x24b50000)
  to   space 512K,   0% used [0x24a50000, 0x24a50000, 0x24ad0000)
 tenured generation   total 10944K, used 2547K [0x29b50000, 0x2a600000, 0x34600000)
   the space 10944K,  23% used [0x29b50000, 0x29dccfa0, 0x29dcd000, 0x2a600000)
 compacting perm gen  total 12288K, used 1669K [0x34600000, 0x35200000, 0x38600000)
   the space 12288K,  13% used [0x34600000, 0x347a14f8, 0x347a1600, 0x35200000)
    ro space 10240K,  44% used [0x38600000, 0x38a7a7a8, 0x38a7a800, 0x39000000)
    rw space 12288K,  52% used [0x39000000, 0x39651db0, 0x39651e00, 0x39c00000)
}
Event: 226.591 GC heap before
{Heap before GC invocations=5 (full 0):
 def new generation   total 4928K, used 4568K [0x24600000, 0x24b50000, 0x29b50000)
  eden space 4416K, 100% used [0x24600000, 0x24a50000, 0x24a50000)
  from space 512K,  29% used [0x24ad0000, 0x24af6330, 0x24b50000)
  to   space 512K,   0% used [0x24a50000, 0x24a50000, 0x24ad0000)
 tenured generation   total 10944K, used 2547K [0x29b50000, 0x2a600000, 0x34600000)
   the space 10944K,  23% used [0x29b50000, 0x29dccfa0, 0x29dcd000, 0x2a600000)
 compacting perm gen  total 12288K, used 1751K [0x34600000, 0x35200000, 0x38600000)
   the space 12288K,  14% used [0x34600000, 0x347b5c48, 0x347b5e00, 0x35200000)
    ro space 10240K,  44% used [0x38600000, 0x38a7a7a8, 0x38a7a800, 0x39000000)
    rw space 12288K,  52% used [0x39000000, 0x39651db0, 0x39651e00, 0x39c00000)
Event: 226.592 GC heap after
Heap after GC invocations=6 (full 0):
 def new generation   total 4928K, used 451K [0x24600000, 0x24b50000, 0x29b50000)
  eden space 4416K,   0% used [0x24600000, 0x24600000, 0x24a50000)
  from space 512K,  88% used [0x24a50000, 0x24ac0e30, 0x24ad0000)
  to   space 512K,   0% used [0x24ad0000, 0x24ad0000, 0x24b50000)
 tenured generation   total 10944K, used 2547K [0x29b50000, 0x2a600000, 0x34600000)
   the space 10944K,  23% used [0x29b50000, 0x29dccfa0, 0x29dcd000, 0x2a600000)
 compacting perm gen  total 12288K, used 1751K [0x34600000, 0x35200000, 0x38600000)
   the space 12288K,  14% used [0x34600000, 0x347b5c48, 0x347b5e00, 0x35200000)
    ro space 10240K,  44% used [0x38600000, 0x38a7a7a8, 0x38a7a800, 0x39000000)
    rw space 12288K,  52% used [0x39000000, 0x39651db0, 0x39651e00, 0x39c00000)
}
Event: 228.920 GC heap before
{Heap before GC invocations=6 (full 0):
 def new generation   total 4928K, used 4867K [0x24600000, 0x24b50000, 0x29b50000)
  eden space 4416K, 100% used [0x24600000, 0x24a50000, 0x24a50000)
  from space 512K,  88% used [0x24a50000, 0x24ac0e30, 0x24ad0000)
  to   space 512K,   0% used [0x24ad0000, 0x24ad0000, 0x24b50000)
 tenured generation   total 10944K, used 2547K [0x29b50000, 0x2a600000, 0x34600000)
   the space 10944K,  23% used [0x29b50000, 0x29dccfa0, 0x29dcd000, 0x2a600000)
 compacting perm gen  total 12288K, used 1891K [0x34600000, 0x35200000, 0x38600000)
   the space 12288K,  15% used [0x34600000, 0x347d8dd0, 0x347d8e00, 0x35200000)
    ro space 10240K,  44% used [0x38600000, 0x38a7a7a8, 0x38a7a800, 0x39000000)
    rw space 12288K,  52% used [0x39000000, 0x39651db0, 0x39651e00, 0x39c00000)
Event: 228.921 GC heap after
Heap after GC invocations=7 (full 0):
 def new generation   total 4928K, used 166K [0x24600000, 0x24b50000, 0x29b50000)
  eden space 4416K,   0% used [0x24600000, 0x24600000, 0x24a50000)
  from space 512K,  32% used [0x24ad0000, 0x24af9ac8, 0x24b50000)
  to   space 512K,   0% used [0x24a50000, 0x24a50000, 0x24ad0000)
 tenured generation   total 10944K, used 2807K [0x29b50000, 0x2a600000, 0x34600000)
   the space 10944K,  25% used [0x29b50000, 0x29e0dee0, 0x29e0e000, 0x2a600000)
 compacting perm gen  total 12288K, used 1891K [0x34600000, 0x35200000, 0x38600000)
   the space 12288K,  15% used [0x34600000, 0x347d8dd0, 0x347d8e00, 0x35200000)
    ro space 10240K,  44% used [0x38600000, 0x38a7a7a8, 0x38a7a800, 0x39000000)
    rw space 12288K,  52% used [0x39000000, 0x39651db0, 0x39651e00, 0x39c00000)
}
Event: 230.594 GC heap before
{Heap before GC invocations=7 (full 0):
 def new generation   total 4928K, used 4582K [0x24600000, 0x24b50000, 0x29b50000)
  eden space 4416K, 100% used [0x24600000, 0x24a50000, 0x24a50000)
  from space 512K,  32% used [0x24ad0000, 0x24af9ac8, 0x24b50000)
  to   space 512K,   0% used [0x24a50000, 0x24a50000, 0x24ad0000)
 tenured generation   total 10944K, used 2807K [0x29b50000, 0x2a600000, 0x34600000)
   the space 10944K,  25% used [0x29b50000, 0x29e0dee0, 0x29e0e000, 0x2a600000)
 compacting perm gen  total 12288K, used 2011K [0x34600000, 0x35200000, 0x38600000)
   the space 12288K,  16% used [0x34600000, 0x347f6db8, 0x347f6e00, 0x35200000)
    ro space 10240K,  44% used [0x38600000, 0x38a7a7a8, 0x38a7a800, 0x39000000)
    rw space 12288K,  52% used [0x39000000, 0x39651db0, 0x39651e00, 0x39c00000)
Event: 230.595 GC heap after
Heap after GC invocations=8 (full 0):
 def new generation   total 4928K, used 253K [0x24600000, 0x24b50000, 0x29b50000)
  eden space 4416K,   0% used [0x24600000, 0x24600000, 0x24a50000)
  from space 512K,  49% used [0x24a50000, 0x24a8f458, 0x24ad0000)
  to   space 512K,   0% used [0x24ad0000, 0x24ad0000, 0x24b50000)
 tenured generation   total 10944K, used 2807K [0x29b50000, 0x2a600000, 0x34600000)
   the space 10944K,  25% used [0x29b50000, 0x29e0dee0, 0x29e0e000, 0x2a600000)
 compacting perm gen  total 12288K, used 2011K [0x34600000, 0x35200000, 0x38600000)
   the space 12288K,  16% used [0x34600000, 0x347f6db8, 0x347f6e00, 0x35200000)
    ro space 10240K,  44% used [0x38600000, 0x38a7a7a8, 0x38a7a800, 0x39000000)
    rw space 12288K,  52% used [0x39000000, 0x39651db0, 0x39651e00, 0x39c00000)
}
Event: 309.223 GC heap before
{Heap before GC invocations=8 (full 0):
 def new generation   total 4928K, used 4669K [0x24600000, 0x24b50000, 0x29b50000)
  eden space 4416K, 100% used [0x24600000, 0x24a50000, 0x24a50000)
  from space 512K,  49% used [0x24a50000, 0x24a8f458, 0x24ad0000)
  to   space 512K,   0% used [0x24ad0000, 0x24ad0000, 0x24b50000)
 tenured generation   total 10944K, used 2807K [0x29b50000, 0x2a600000, 0x34600000)
   the space 10944K,  25% used [0x29b50000, 0x29e0dee0, 0x29e0e000, 0x2a600000)
 compacting perm gen  total 12288K, used 2087K [0x34600000, 0x35200000, 0x38600000)
   the space 12288K,  16% used [0x34600000, 0x34809df8, 0x34809e00, 0x35200000)
    ro space 10240K,  44% used [0x38600000, 0x38a7a7a8, 0x38a7a800, 0x39000000)
    rw space 12288K,  52% used [0x39000000, 0x39651db0, 0x39651e00, 0x39c00000)
Event: 309.224 GC heap after
Heap after GC invocations=9 (full 0):
 def new generation   total 4928K, used 246K [0x24600000, 0x24b50000, 0x29b50000)
  eden space 4416K,   0% used [0x24600000, 0x24600000, 0x24a50000)
  from space 512K,  48% used [0x24ad0000, 0x24b0db90, 0x24b50000)
  to   space 512K,   0% used [0x24a50000, 0x24a50000, 0x24ad0000)
 tenured generation   total 10944K, used 2807K [0x29b50000, 0x2a600000, 0x34600000)
   the space 10944K,  25% used [0x29b50000, 0x29e0dee0, 0x29e0e000, 0x2a600000)
 compacting perm gen  total 12288K, used 2087K [0x34600000, 0x35200000, 0x38600000)
   the space 12288K,  16% used [0x34600000, 0x34809df8, 0x34809e00, 0x35200000)
    ro space 10240K,  44% used [0x38600000, 0x38a7a7a8, 0x38a7a800, 0x39000000)
    rw space 12288K,  52% used [0x39000000, 0x39651db0, 0x39651e00, 0x39c00000)
}

